<?xml version="1.0" encoding="UTF-8"?>
<testsuite xmlns:xsi="http://www.w3.org/2001/XMLSchema-instance" xsi:noNamespaceSchemaLocation="https://maven.apache.org/surefire/maven-surefire-plugin/xsd/surefire-test-report.xsd" name="com.udaynikhil.customer.CustomerJDBCDataAccessServiceTest" time="11.198" tests="14" errors="0" skipped="0" failures="0">
  <properties>
    <property name="java.specification.version" value="21"/>
    <property name="sun.cpu.isalist" value="amd64"/>
    <property name="sun.jnu.encoding" value="Cp1252"/>
    <property name="java.class.path" value="C:\Users\nikhiluday\Downloads\full-stack-professional-main\admin-panel-dashboard\backend\target\test-classes;C:\Users\nikhiluday\Downloads\full-stack-professional-main\admin-panel-dashboard\backend\target\classes;C:\Users\nikhiluday\.m2\repository\org\postgresql\postgresql\42.5.1\postgresql-42.5.1.jar;C:\Users\nikhiluday\.m2\repository\org\checkerframework\checker-qual\3.5.0\checker-qual-3.5.0.jar;C:\Users\nikhiluday\.m2\repository\com\google\cloud\tools\jib-maven-plugin\3.4.5\jib-maven-plugin-3.4.5.jar;C:\Users\nikhiluday\.m2\repository\com\google\http-client\google-http-client\1.42.2\google-http-client-1.42.2.jar;C:\Users\nikhiluday\.m2\repository\org\apache\httpcomponents\httpclient\4.5.13\httpclient-4.5.13.jar;C:\Users\nikhiluday\.m2\repository\org\apache\httpcomponents\httpcore\4.4.15\httpcore-4.4.15.jar;C:\Users\nikhiluday\.m2\repository\com\google\code\findbugs\jsr305\3.0.2\jsr305-3.0.2.jar;C:\Users\nikhiluday\.m2\repository\com\google\j2objc\j2objc-annotations\1.3\j2objc-annotations-1.3.jar;C:\Users\nikhiluday\.m2\repository\io\opencensus\opencensus-api\0.31.1\opencensus-api-0.31.1.jar;C:\Users\nikhiluday\.m2\repository\io\grpc\grpc-context\1.27.2\grpc-context-1.27.2.jar;C:\Users\nikhiluday\.m2\repository\io\opencensus\opencensus-contrib-http-util\0.31.1\opencensus-contrib-http-util-0.31.1.jar;C:\Users\nikhiluday\.m2\repository\com\google\http-client\google-http-client-apache-v2\1.42.2\google-http-client-apache-v2-1.42.2.jar;C:\Users\nikhiluday\.m2\repository\com\google\auth\google-auth-library-oauth2-http\1.10.0\google-auth-library-oauth2-http-1.10.0.jar;C:\Users\nikhiluday\.m2\repository\com\google\auto\value\auto-value-annotations\1.9\auto-value-annotations-1.9.jar;C:\Users\nikhiluday\.m2\repository\com\google\auth\google-auth-library-credentials\1.10.0\google-auth-library-credentials-1.10.0.jar;C:\Users\nikhiluday\.m2\repository\com\google\http-client\google-http-client-gson\1.42.2\google-http-client-gson-1.42.2.jar;C:\Users\nikhiluday\.m2\repository\com\google\code\gson\gson\2.9.1\gson-2.9.1.jar;C:\Users\nikhiluday\.m2\repository\org\apache\commons\commons-compress\1.26.0\commons-compress-1.26.0.jar;C:\Users\nikhiluday\.m2\repository\com\google\guava\guava\32.1.2-jre\guava-32.1.2-jre.jar;C:\Users\nikhiluday\.m2\repository\com\google\guava\failureaccess\1.0.1\failureaccess-1.0.1.jar;C:\Users\nikhiluday\.m2\repository\com\google\guava\listenablefuture\9999.0-empty-to-avoid-conflict-with-guava\listenablefuture-9999.0-empty-to-avoid-conflict-with-guava.jar;C:\Users\nikhiluday\.m2\repository\com\google\errorprone\error_prone_annotations\2.18.0\error_prone_annotations-2.18.0.jar;C:\Users\nikhiluday\.m2\repository\com\fasterxml\jackson\core\jackson-databind\2.14.1\jackson-databind-2.14.1.jar;C:\Users\nikhiluday\.m2\repository\com\fasterxml\jackson\core\jackson-annotations\2.14.1\jackson-annotations-2.14.1.jar;C:\Users\nikhiluday\.m2\repository\com\fasterxml\jackson\core\jackson-core\2.14.1\jackson-core-2.14.1.jar;C:\Users\nikhiluday\.m2\repository\com\fasterxml\jackson\datatype\jackson-datatype-jsr310\2.14.1\jackson-datatype-jsr310-2.14.1.jar;C:\Users\nikhiluday\.m2\repository\org\ow2\asm\asm\9.5\asm-9.5.jar;C:\Users\nikhiluday\.m2\repository\com\google\cloud\tools\jib-build-plan\0.4.0\jib-build-plan-0.4.0.jar;C:\Users\nikhiluday\.m2\repository\com\google\cloud\tools\jib-plugins-extension-common\0.2.0\jib-plugins-extension-common-0.2.0.jar;C:\Users\nikhiluday\.m2\repository\com\google\cloud\tools\jib-maven-plugin-extension-api\0.4.0\jib-maven-plugin-extension-api-0.4.0.jar;C:\Users\nikhiluday\.m2\repository\org\apache\maven\maven-plugin-api\3.9.3\maven-plugin-api-3.9.3.jar;C:\Users\nikhiluday\.m2\repository\org\apache\maven\maven-model\3.9.3\maven-model-3.9.3.jar;C:\Users\nikhiluday\.m2\repository\org\apache\maven\maven-artifact\3.9.3\maven-artifact-3.9.3.jar;C:\Users\nikhiluday\.m2\repository\org\eclipse\sisu\org.eclipse.sisu.plexus\0.3.5\org.eclipse.sisu.plexus-0.3.5.jar;C:\Users\nikhiluday\.m2\repository\javax\annotation\javax.annotation-api\1.2\javax.annotation-api-1.2.jar;C:\Users\nikhiluday\.m2\repository\org\codehaus\plexus\plexus-utils\3.5.1\plexus-utils-3.5.1.jar;C:\Users\nikhiluday\.m2\repository\org\codehaus\plexus\plexus-classworlds\2.7.0\plexus-classworlds-2.7.0.jar;C:\Users\nikhiluday\.m2\repository\org\apache\maven\maven-core\3.9.3\maven-core-3.9.3.jar;C:\Users\nikhiluday\.m2\repository\org\apache\maven\maven-settings\3.9.3\maven-settings-3.9.3.jar;C:\Users\nikhiluday\.m2\repository\org\apache\maven\maven-settings-builder\3.9.3\maven-settings-builder-3.9.3.jar;C:\Users\nikhiluday\.m2\repository\org\codehaus\plexus\plexus-sec-dispatcher\2.0\plexus-sec-dispatcher-2.0.jar;C:\Users\nikhiluday\.m2\repository\org\codehaus\plexus\plexus-cipher\2.0\plexus-cipher-2.0.jar;C:\Users\nikhiluday\.m2\repository\org\apache\maven\maven-builder-support\3.9.3\maven-builder-support-3.9.3.jar;C:\Users\nikhiluday\.m2\repository\org\apache\maven\maven-repository-metadata\3.9.3\maven-repository-metadata-3.9.3.jar;C:\Users\nikhiluday\.m2\repository\org\apache\maven\maven-model-builder\3.9.3\maven-model-builder-3.9.3.jar;C:\Users\nikhiluday\.m2\repository\org\apache\maven\maven-resolver-provider\3.9.3\maven-resolver-provider-3.9.3.jar;C:\Users\nikhiluday\.m2\repository\org\apache\maven\resolver\maven-resolver-impl\1.9.13\maven-resolver-impl-1.9.13.jar;C:\Users\nikhiluday\.m2\repository\org\apache\maven\resolver\maven-resolver-named-locks\1.9.13\maven-resolver-named-locks-1.9.13.jar;C:\Users\nikhiluday\.m2\repository\org\apache\maven\resolver\maven-resolver-api\1.9.13\maven-resolver-api-1.9.13.jar;C:\Users\nikhiluday\.m2\repository\org\apache\maven\resolver\maven-resolver-spi\1.9.13\maven-resolver-spi-1.9.13.jar;C:\Users\nikhiluday\.m2\repository\org\apache\maven\resolver\maven-resolver-util\1.9.13\maven-resolver-util-1.9.13.jar;C:\Users\nikhiluday\.m2\repository\org\apache\maven\shared\maven-shared-utils\3.3.4\maven-shared-utils-3.3.4.jar;C:\Users\nikhiluday\.m2\repository\org\eclipse\sisu\org.eclipse.sisu.inject\0.3.5\org.eclipse.sisu.inject-0.3.5.jar;C:\Users\nikhiluday\.m2\repository\com\google\inject\guice\5.1.0\guice-5.1.0.jar;C:\Users\nikhiluday\.m2\repository\aopalliance\aopalliance\1.0\aopalliance-1.0.jar;C:\Users\nikhiluday\.m2\repository\javax\inject\javax.inject\1\javax.inject-1.jar;C:\Users\nikhiluday\.m2\repository\org\codehaus\plexus\plexus-interpolation\1.26\plexus-interpolation-1.26.jar;C:\Users\nikhiluday\.m2\repository\org\codehaus\plexus\plexus-component-annotations\2.1.0\plexus-component-annotations-2.1.0.jar;C:\Users\nikhiluday\.m2\repository\org\springframework\boot\spring-boot-starter-data-jpa\3.0.0\spring-boot-starter-data-jpa-3.0.0.jar;C:\Users\nikhiluday\.m2\repository\org\springframework\boot\spring-boot-starter-aop\3.0.0\spring-boot-starter-aop-3.0.0.jar;C:\Users\nikhiluday\.m2\repository\org\aspectj\aspectjweaver\1.9.9.1\aspectjweaver-1.9.9.1.jar;C:\Users\nikhiluday\.m2\repository\org\springframework\boot\spring-boot-starter-jdbc\3.0.0\spring-boot-starter-jdbc-3.0.0.jar;C:\Users\nikhiluday\.m2\repository\com\zaxxer\HikariCP\5.0.1\HikariCP-5.0.1.jar;C:\Users\nikhiluday\.m2\repository\org\springframework\spring-jdbc\6.0.2\spring-jdbc-6.0.2.jar;C:\Users\nikhiluday\.m2\repository\org\hibernate\orm\hibernate-core\6.1.5.Final\hibernate-core-6.1.5.Final.jar;C:\Users\nikhiluday\.m2\repository\jakarta\persistence\jakarta.persistence-api\3.1.0\jakarta.persistence-api-3.1.0.jar;C:\Users\nikhiluday\.m2\repository\jakarta\transaction\jakarta.transaction-api\2.0.1\jakarta.transaction-api-2.0.1.jar;C:\Users\nikhiluday\.m2\repository\org\jboss\logging\jboss-logging\3.5.0.Final\jboss-logging-3.5.0.Final.jar;C:\Users\nikhiluday\.m2\repository\org\hibernate\common\hibernate-commons-annotations\6.0.2.Final\hibernate-commons-annotations-6.0.2.Final.jar;C:\Users\nikhiluday\.m2\repository\org\jboss\jandex\2.4.2.Final\jandex-2.4.2.Final.jar;C:\Users\nikhiluday\.m2\repository\com\fasterxml\classmate\1.5.1\classmate-1.5.1.jar;C:\Users\nikhiluday\.m2\repository\org\glassfish\jaxb\jaxb-runtime\4.0.1\jaxb-runtime-4.0.1.jar;C:\Users\nikhiluday\.m2\repository\org\glassfish\jaxb\jaxb-core\4.0.1\jaxb-core-4.0.1.jar;C:\Users\nikhiluday\.m2\repository\org\eclipse\angus\angus-activation\1.0.0\angus-activation-1.0.0.jar;C:\Users\nikhiluday\.m2\repository\org\glassfish\jaxb\txw2\4.0.1\txw2-4.0.1.jar;C:\Users\nikhiluday\.m2\repository\com\sun\istack\istack-commons-runtime\4.1.1\istack-commons-runtime-4.1.1.jar;C:\Users\nikhiluday\.m2\repository\jakarta\inject\jakarta.inject-api\2.0.0\jakarta.inject-api-2.0.0.jar;C:\Users\nikhiluday\.m2\repository\org\antlr\antlr4-runtime\4.10.1\antlr4-runtime-4.10.1.jar;C:\Users\nikhiluday\.m2\repository\org\springframework\data\spring-data-jpa\3.0.0\spring-data-jpa-3.0.0.jar;C:\Users\nikhiluday\.m2\repository\org\springframework\data\spring-data-commons\3.0.0\spring-data-commons-3.0.0.jar;C:\Users\nikhiluday\.m2\repository\org\springframework\spring-orm\6.0.2\spring-orm-6.0.2.jar;C:\Users\nikhiluday\.m2\repository\org\springframework\spring-context\6.0.2\spring-context-6.0.2.jar;C:\Users\nikhiluday\.m2\repository\org\springframework\spring-tx\6.0.2\spring-tx-6.0.2.jar;C:\Users\nikhiluday\.m2\repository\org\springframework\spring-beans\6.0.2\spring-beans-6.0.2.jar;C:\Users\nikhiluday\.m2\repository\jakarta\annotation\jakarta.annotation-api\2.1.1\jakarta.annotation-api-2.1.1.jar;C:\Users\nikhiluday\.m2\repository\org\springframework\spring-aspects\6.0.2\spring-aspects-6.0.2.jar;C:\Users\nikhiluday\.m2\repository\org\springframework\boot\spring-boot-starter-web\3.0.0\spring-boot-starter-web-3.0.0.jar;C:\Users\nikhiluday\.m2\repository\org\springframework\boot\spring-boot-starter\3.0.0\spring-boot-starter-3.0.0.jar;C:\Users\nikhiluday\.m2\repository\org\springframework\boot\spring-boot\3.0.0\spring-boot-3.0.0.jar;C:\Users\nikhiluday\.m2\repository\org\springframework\boot\spring-boot-autoconfigure\3.0.0\spring-boot-autoconfigure-3.0.0.jar;C:\Users\nikhiluday\.m2\repository\org\springframework\boot\spring-boot-starter-logging\3.0.0\spring-boot-starter-logging-3.0.0.jar;C:\Users\nikhiluday\.m2\repository\ch\qos\logback\logback-classic\1.4.5\logback-classic-1.4.5.jar;C:\Users\nikhiluday\.m2\repository\ch\qos\logback\logback-core\1.4.5\logback-core-1.4.5.jar;C:\Users\nikhiluday\.m2\repository\org\apache\logging\log4j\log4j-to-slf4j\2.19.0\log4j-to-slf4j-2.19.0.jar;C:\Users\nikhiluday\.m2\repository\org\apache\logging\log4j\log4j-api\2.19.0\log4j-api-2.19.0.jar;C:\Users\nikhiluday\.m2\repository\org\slf4j\jul-to-slf4j\2.0.4\jul-to-slf4j-2.0.4.jar;C:\Users\nikhiluday\.m2\repository\org\yaml\snakeyaml\1.33\snakeyaml-1.33.jar;C:\Users\nikhiluday\.m2\repository\org\springframework\boot\spring-boot-starter-json\3.0.0\spring-boot-starter-json-3.0.0.jar;C:\Users\nikhiluday\.m2\repository\com\fasterxml\jackson\datatype\jackson-datatype-jdk8\2.14.1\jackson-datatype-jdk8-2.14.1.jar;C:\Users\nikhiluday\.m2\repository\com\fasterxml\jackson\module\jackson-module-parameter-names\2.14.1\jackson-module-parameter-names-2.14.1.jar;C:\Users\nikhiluday\.m2\repository\org\springframework\boot\spring-boot-starter-tomcat\3.0.0\spring-boot-starter-tomcat-3.0.0.jar;C:\Users\nikhiluday\.m2\repository\org\apache\tomcat\embed\tomcat-embed-core\10.1.1\tomcat-embed-core-10.1.1.jar;C:\Users\nikhiluday\.m2\repository\org\apache\tomcat\embed\tomcat-embed-el\10.1.1\tomcat-embed-el-10.1.1.jar;C:\Users\nikhiluday\.m2\repository\org\apache\tomcat\embed\tomcat-embed-websocket\10.1.1\tomcat-embed-websocket-10.1.1.jar;C:\Users\nikhiluday\.m2\repository\org\springframework\spring-web\6.0.2\spring-web-6.0.2.jar;C:\Users\nikhiluday\.m2\repository\org\springframework\spring-webmvc\6.0.2\spring-webmvc-6.0.2.jar;C:\Users\nikhiluday\.m2\repository\org\springframework\spring-expression\6.0.2\spring-expression-6.0.2.jar;C:\Users\nikhiluday\.m2\repository\org\springframework\boot\spring-boot-starter-data-jdbc\3.0.0\spring-boot-starter-data-jdbc-3.0.0.jar;C:\Users\nikhiluday\.m2\repository\org\springframework\data\spring-data-jdbc\3.0.0\spring-data-jdbc-3.0.0.jar;C:\Users\nikhiluday\.m2\repository\org\springframework\data\spring-data-relational\3.0.0\spring-data-relational-3.0.0.jar;C:\Users\nikhiluday\.m2\repository\org\flywaydb\flyway-core\9.5.1\flyway-core-9.5.1.jar;C:\Users\nikhiluday\.m2\repository\com\electronwill\night-config\toml\3.6.6\toml-3.6.6.jar;C:\Users\nikhiluday\.m2\repository\com\electronwill\night-config\core\3.6.6\core-3.6.6.jar;C:\Users\nikhiluday\.m2\repository\com\github\javafaker\javafaker\1.0.2\javafaker-1.0.2.jar;C:\Users\nikhiluday\.m2\repository\org\apache\commons\commons-lang3\3.12.0\commons-lang3-3.12.0.jar;C:\Users\nikhiluday\.m2\repository\org\yaml\snakeyaml\1.23\snakeyaml-1.23-android.jar;C:\Users\nikhiluday\.m2\repository\com\github\mifmif\generex\1.0.2\generex-1.0.2.jar;C:\Users\nikhiluday\.m2\repository\dk\brics\automaton\automaton\1.11-8\automaton-1.11-8.jar;C:\Users\nikhiluday\.m2\repository\org\springframework\boot\spring-boot-starter-test\3.0.0\spring-boot-starter-test-3.0.0.jar;C:\Users\nikhiluday\.m2\repository\org\springframework\boot\spring-boot-test\3.0.0\spring-boot-test-3.0.0.jar;C:\Users\nikhiluday\.m2\repository\org\springframework\boot\spring-boot-test-autoconfigure\3.0.0\spring-boot-test-autoconfigure-3.0.0.jar;C:\Users\nikhiluday\.m2\repository\com\jayway\jsonpath\json-path\2.7.0\json-path-2.7.0.jar;C:\Users\nikhiluday\.m2\repository\net\minidev\json-smart\2.4.8\json-smart-2.4.8.jar;C:\Users\nikhiluday\.m2\repository\net\minidev\accessors-smart\2.4.8\accessors-smart-2.4.8.jar;C:\Users\nikhiluday\.m2\repository\jakarta\xml\bind\jakarta.xml.bind-api\4.0.0\jakarta.xml.bind-api-4.0.0.jar;C:\Users\nikhiluday\.m2\repository\jakarta\activation\jakarta.activation-api\2.1.0\jakarta.activation-api-2.1.0.jar;C:\Users\nikhiluday\.m2\repository\org\assertj\assertj-core\3.23.1\assertj-core-3.23.1.jar;C:\Users\nikhiluday\.m2\repository\org\hamcrest\hamcrest\2.2\hamcrest-2.2.jar;C:\Users\nikhiluday\.m2\repository\org\junit\jupiter\junit-jupiter\5.9.1\junit-jupiter-5.9.1.jar;C:\Users\nikhiluday\.m2\repository\org\junit\jupiter\junit-jupiter-params\5.9.1\junit-jupiter-params-5.9.1.jar;C:\Users\nikhiluday\.m2\repository\org\junit\jupiter\junit-jupiter-engine\5.9.1\junit-jupiter-engine-5.9.1.jar;C:\Users\nikhiluday\.m2\repository\org\junit\platform\junit-platform-engine\1.9.1\junit-platform-engine-1.9.1.jar;C:\Users\nikhiluday\.m2\repository\org\mockito\mockito-junit-jupiter\4.8.1\mockito-junit-jupiter-4.8.1.jar;C:\Users\nikhiluday\.m2\repository\org\skyscreamer\jsonassert\1.5.1\jsonassert-1.5.1.jar;C:\Users\nikhiluday\.m2\repository\com\vaadin\external\google\android-json\0.0.20131108.vaadin1\android-json-0.0.20131108.vaadin1.jar;C:\Users\nikhiluday\.m2\repository\org\springframework\spring-core\6.0.2\spring-core-6.0.2.jar;C:\Users\nikhiluday\.m2\repository\org\springframework\spring-jcl\6.0.2\spring-jcl-6.0.2.jar;C:\Users\nikhiluday\.m2\repository\org\springframework\spring-test\6.0.2\spring-test-6.0.2.jar;C:\Users\nikhiluday\.m2\repository\org\xmlunit\xmlunit-core\2.9.0\xmlunit-core-2.9.0.jar;C:\Users\nikhiluday\.m2\repository\org\testcontainers\junit-jupiter\1.17.6\junit-jupiter-1.17.6.jar;C:\Users\nikhiluday\.m2\repository\org\junit\jupiter\junit-jupiter-api\5.9.1\junit-jupiter-api-5.9.1.jar;C:\Users\nikhiluday\.m2\repository\org\opentest4j\opentest4j\1.2.0\opentest4j-1.2.0.jar;C:\Users\nikhiluday\.m2\repository\org\junit\platform\junit-platform-commons\1.9.1\junit-platform-commons-1.9.1.jar;C:\Users\nikhiluday\.m2\repository\org\apiguardian\apiguardian-api\1.1.2\apiguardian-api-1.1.2.jar;C:\Users\nikhiluday\.m2\repository\org\testcontainers\testcontainers\1.17.6\testcontainers-1.17.6.jar;C:\Users\nikhiluday\.m2\repository\junit\junit\4.13.2\junit-4.13.2.jar;C:\Users\nikhiluday\.m2\repository\org\hamcrest\hamcrest-core\2.2\hamcrest-core-2.2.jar;C:\Users\nikhiluday\.m2\repository\org\slf4j\slf4j-api\2.0.4\slf4j-api-2.0.4.jar;C:\Users\nikhiluday\.m2\repository\org\rnorth\duct-tape\duct-tape\1.0.8\duct-tape-1.0.8.jar;C:\Users\nikhiluday\.m2\repository\org\jetbrains\annotations\17.0.0\annotations-17.0.0.jar;C:\Users\nikhiluday\.m2\repository\com\github\docker-java\docker-java-api\3.2.13\docker-java-api-3.2.13.jar;C:\Users\nikhiluday\.m2\repository\com\github\docker-java\docker-java-transport-zerodep\3.2.13\docker-java-transport-zerodep-3.2.13.jar;C:\Users\nikhiluday\.m2\repository\com\github\docker-java\docker-java-transport\3.2.13\docker-java-transport-3.2.13.jar;C:\Users\nikhiluday\.m2\repository\net\java\dev\jna\jna\5.8.0\jna-5.8.0.jar;C:\Users\nikhiluday\.m2\repository\org\testcontainers\postgresql\1.17.6\postgresql-1.17.6.jar;C:\Users\nikhiluday\.m2\repository\org\testcontainers\jdbc\1.17.6\jdbc-1.17.6.jar;C:\Users\nikhiluday\.m2\repository\org\testcontainers\database-commons\1.17.6\database-commons-1.17.6.jar;C:\Users\nikhiluday\.m2\repository\org\springframework\boot\spring-boot-starter-webflux\3.0.0\spring-boot-starter-webflux-3.0.0.jar;C:\Users\nikhiluday\.m2\repository\org\springframework\boot\spring-boot-starter-reactor-netty\3.0.0\spring-boot-starter-reactor-netty-3.0.0.jar;C:\Users\nikhiluday\.m2\repository\io\projectreactor\netty\reactor-netty-http\1.1.0\reactor-netty-http-1.1.0.jar;C:\Users\nikhiluday\.m2\repository\io\netty\netty-resolver-dns\4.1.85.Final\netty-resolver-dns-4.1.85.Final.jar;C:\Users\nikhiluday\.m2\repository\io\netty\netty-codec-dns\4.1.85.Final\netty-codec-dns-4.1.85.Final.jar;C:\Users\nikhiluday\.m2\repository\io\netty\netty-resolver-dns-native-macos\4.1.85.Final\netty-resolver-dns-native-macos-4.1.85.Final-osx-x86_64.jar;C:\Users\nikhiluday\.m2\repository\io\netty\netty-resolver-dns-classes-macos\4.1.85.Final\netty-resolver-dns-classes-macos-4.1.85.Final.jar;C:\Users\nikhiluday\.m2\repository\io\netty\netty-transport-native-epoll\4.1.85.Final\netty-transport-native-epoll-4.1.85.Final-linux-x86_64.jar;C:\Users\nikhiluday\.m2\repository\io\projectreactor\netty\reactor-netty-core\1.1.0\reactor-netty-core-1.1.0.jar;C:\Users\nikhiluday\.m2\repository\io\netty\netty-handler-proxy\4.1.85.Final\netty-handler-proxy-4.1.85.Final.jar;C:\Users\nikhiluday\.m2\repository\io\netty\netty-codec-socks\4.1.85.Final\netty-codec-socks-4.1.85.Final.jar;C:\Users\nikhiluday\.m2\repository\org\springframework\spring-webflux\6.0.2\spring-webflux-6.0.2.jar;C:\Users\nikhiluday\.m2\repository\io\projectreactor\reactor-core\3.5.0\reactor-core-3.5.0.jar;C:\Users\nikhiluday\.m2\repository\org\springframework\boot\spring-boot-starter-security\3.0.0\spring-boot-starter-security-3.0.0.jar;C:\Users\nikhiluday\.m2\repository\org\springframework\spring-aop\6.0.2\spring-aop-6.0.2.jar;C:\Users\nikhiluday\.m2\repository\org\springframework\security\spring-security-config\6.0.0\spring-security-config-6.0.0.jar;C:\Users\nikhiluday\.m2\repository\org\springframework\security\spring-security-web\6.0.0\spring-security-web-6.0.0.jar;C:\Users\nikhiluday\.m2\repository\org\springframework\security\spring-security-test\6.0.0\spring-security-test-6.0.0.jar;C:\Users\nikhiluday\.m2\repository\org\springframework\security\spring-security-core\6.0.0\spring-security-core-6.0.0.jar;C:\Users\nikhiluday\.m2\repository\org\springframework\security\spring-security-crypto\6.0.0\spring-security-crypto-6.0.0.jar;C:\Users\nikhiluday\.m2\repository\org\springframework\boot\spring-boot-starter-actuator\3.0.0\spring-boot-starter-actuator-3.0.0.jar;C:\Users\nikhiluday\.m2\repository\org\springframework\boot\spring-boot-actuator-autoconfigure\3.0.0\spring-boot-actuator-autoconfigure-3.0.0.jar;C:\Users\nikhiluday\.m2\repository\org\springframework\boot\spring-boot-actuator\3.0.0\spring-boot-actuator-3.0.0.jar;C:\Users\nikhiluday\.m2\repository\io\micrometer\micrometer-observation\1.10.2\micrometer-observation-1.10.2.jar;C:\Users\nikhiluday\.m2\repository\io\micrometer\micrometer-commons\1.10.2\micrometer-commons-1.10.2.jar;C:\Users\nikhiluday\.m2\repository\io\micrometer\micrometer-core\1.10.2\micrometer-core-1.10.2.jar;C:\Users\nikhiluday\.m2\repository\org\hdrhistogram\HdrHistogram\2.1.12\HdrHistogram-2.1.12.jar;C:\Users\nikhiluday\.m2\repository\org\latencyutils\LatencyUtils\2.0.3\LatencyUtils-2.0.3.jar;C:\Users\nikhiluday\.m2\repository\io\jsonwebtoken\jjwt-api\0.11.5\jjwt-api-0.11.5.jar;C:\Users\nikhiluday\.m2\repository\io\jsonwebtoken\jjwt-impl\0.11.5\jjwt-impl-0.11.5.jar;C:\Users\nikhiluday\.m2\repository\io\jsonwebtoken\jjwt-jackson\0.11.5\jjwt-jackson-0.11.5.jar;C:\Users\nikhiluday\.m2\repository\software\amazon\awssdk\s3\2.20.26\s3-2.20.26.jar;C:\Users\nikhiluday\.m2\repository\software\amazon\awssdk\aws-xml-protocol\2.20.26\aws-xml-protocol-2.20.26.jar;C:\Users\nikhiluday\.m2\repository\software\amazon\awssdk\aws-query-protocol\2.20.26\aws-query-protocol-2.20.26.jar;C:\Users\nikhiluday\.m2\repository\software\amazon\awssdk\protocol-core\2.20.26\protocol-core-2.20.26.jar;C:\Users\nikhiluday\.m2\repository\software\amazon\awssdk\arns\2.20.26\arns-2.20.26.jar;C:\Users\nikhiluday\.m2\repository\software\amazon\awssdk\profiles\2.20.26\profiles-2.20.26.jar;C:\Users\nikhiluday\.m2\repository\software\amazon\awssdk\sdk-core\2.20.26\sdk-core-2.20.26.jar;C:\Users\nikhiluday\.m2\repository\org\reactivestreams\reactive-streams\1.0.4\reactive-streams-1.0.4.jar;C:\Users\nikhiluday\.m2\repository\software\amazon\awssdk\auth\2.20.26\auth-2.20.26.jar;C:\Users\nikhiluday\.m2\repository\software\amazon\eventstream\eventstream\1.0.1\eventstream-1.0.1.jar;C:\Users\nikhiluday\.m2\repository\software\amazon\awssdk\http-client-spi\2.20.26\http-client-spi-2.20.26.jar;C:\Users\nikhiluday\.m2\repository\software\amazon\awssdk\regions\2.20.26\regions-2.20.26.jar;C:\Users\nikhiluday\.m2\repository\software\amazon\awssdk\annotations\2.20.26\annotations-2.20.26.jar;C:\Users\nikhiluday\.m2\repository\software\amazon\awssdk\utils\2.20.26\utils-2.20.26.jar;C:\Users\nikhiluday\.m2\repository\software\amazon\awssdk\aws-core\2.20.26\aws-core-2.20.26.jar;C:\Users\nikhiluday\.m2\repository\software\amazon\awssdk\metrics-spi\2.20.26\metrics-spi-2.20.26.jar;C:\Users\nikhiluday\.m2\repository\software\amazon\awssdk\json-utils\2.20.26\json-utils-2.20.26.jar;C:\Users\nikhiluday\.m2\repository\software\amazon\awssdk\third-party-jackson-core\2.20.26\third-party-jackson-core-2.20.26.jar;C:\Users\nikhiluday\.m2\repository\software\amazon\awssdk\endpoints-spi\2.20.26\endpoints-spi-2.20.26.jar;C:\Users\nikhiluday\.m2\repository\software\amazon\awssdk\apache-client\2.20.26\apache-client-2.20.26.jar;C:\Users\nikhiluday\.m2\repository\commons-codec\commons-codec\1.15\commons-codec-1.15.jar;C:\Users\nikhiluday\.m2\repository\software\amazon\awssdk\netty-nio-client\2.20.26\netty-nio-client-2.20.26.jar;C:\Users\nikhiluday\.m2\repository\io\netty\netty-codec-http\4.1.85.Final\netty-codec-http-4.1.85.Final.jar;C:\Users\nikhiluday\.m2\repository\io\netty\netty-codec-http2\4.1.85.Final\netty-codec-http2-4.1.85.Final.jar;C:\Users\nikhiluday\.m2\repository\io\netty\netty-codec\4.1.85.Final\netty-codec-4.1.85.Final.jar;C:\Users\nikhiluday\.m2\repository\io\netty\netty-transport\4.1.85.Final\netty-transport-4.1.85.Final.jar;C:\Users\nikhiluday\.m2\repository\io\netty\netty-resolver\4.1.85.Final\netty-resolver-4.1.85.Final.jar;C:\Users\nikhiluday\.m2\repository\io\netty\netty-common\4.1.85.Final\netty-common-4.1.85.Final.jar;C:\Users\nikhiluday\.m2\repository\io\netty\netty-buffer\4.1.85.Final\netty-buffer-4.1.85.Final.jar;C:\Users\nikhiluday\.m2\repository\io\netty\netty-handler\4.1.85.Final\netty-handler-4.1.85.Final.jar;C:\Users\nikhiluday\.m2\repository\io\netty\netty-transport-native-unix-common\4.1.85.Final\netty-transport-native-unix-common-4.1.85.Final.jar;C:\Users\nikhiluday\.m2\repository\io\netty\netty-transport-classes-epoll\4.1.85.Final\netty-transport-classes-epoll-4.1.85.Final.jar;C:\Users\nikhiluday\.m2\repository\org\mockito\mockito-core\4.8.1\mockito-core-4.8.1.jar;C:\Users\nikhiluday\.m2\repository\net\bytebuddy\byte-buddy\1.12.19\byte-buddy-1.12.19.jar;C:\Users\nikhiluday\.m2\repository\net\bytebuddy\byte-buddy-agent\1.12.19\byte-buddy-agent-1.12.19.jar;C:\Users\nikhiluday\.m2\repository\org\objenesis\objenesis\3.2\objenesis-3.2.jar;C:\Users\nikhiluday\.m2\repository\commons-io\commons-io\2.11.0\commons-io-2.11.0.jar;C:\Users\nikhiluday\.m2\repository\com\amazonaws\secretsmanager\aws-secretsmanager-jdbc\1.0.8\aws-secretsmanager-jdbc-1.0.8.jar;C:\Users\nikhiluday\.m2\repository\com\amazonaws\secretsmanager\aws-secretsmanager-caching-java\1.0.2\aws-secretsmanager-caching-java-1.0.2.jar;C:\Users\nikhiluday\.m2\repository\com\amazonaws\aws-java-sdk-secretsmanager\1.12.148\aws-java-sdk-secretsmanager-1.12.148.jar;C:\Users\nikhiluday\.m2\repository\com\amazonaws\aws-java-sdk-core\1.12.148\aws-java-sdk-core-1.12.148.jar;C:\Users\nikhiluday\.m2\repository\commons-logging\commons-logging\1.1.3\commons-logging-1.1.3.jar;C:\Users\nikhiluday\.m2\repository\software\amazon\ion\ion-java\1.0.2\ion-java-1.0.2.jar;C:\Users\nikhiluday\.m2\repository\com\fasterxml\jackson\dataformat\jackson-dataformat-cbor\2.14.1\jackson-dataformat-cbor-2.14.1.jar;C:\Users\nikhiluday\.m2\repository\joda-time\joda-time\2.8.1\joda-time-2.8.1.jar;C:\Users\nikhiluday\.m2\repository\com\amazonaws\jmespath-java\1.12.148\jmespath-java-1.12.148.jar;"/>
    <property name="java.vm.vendor" value="Oracle Corporation"/>
    <property name="sun.arch.data.model" value="64"/>
    <property name="user.variant" value=""/>
    <property name="java.vendor.url" value="https://java.oracle.com/"/>
    <property name="user.timezone" value="Asia/Calcutta"/>
    <property name="os.name" value="Windows 10"/>
    <property name="java.vm.specification.version" value="21"/>
    <property name="sun.java.launcher" value="SUN_STANDARD"/>
    <property name="user.country" value="IN"/>
    <property name="sun.boot.library.path" value="C:\Program Files\Java\jdk-21\bin"/>
    <property name="sun.java.command" value="C:\Users\NIKHIL~1\AppData\Local\Temp\surefire16717071431630344467\surefirebooter8660130913971485931.jar C:\Users\nikhiluday\AppData\Local\Temp\surefire16717071431630344467 2025-04-10T13-24-36_967-jvmRun1 surefire4990539354507621859tmp surefire_015376623900256769919tmp"/>
    <property name="jdk.debug" value="release"/>
    <property name="surefire.test.class.path" value="C:\Users\nikhiluday\Downloads\full-stack-professional-main\admin-panel-dashboard\backend\target\test-classes;C:\Users\nikhiluday\Downloads\full-stack-professional-main\admin-panel-dashboard\backend\target\classes;C:\Users\nikhiluday\.m2\repository\org\postgresql\postgresql\42.5.1\postgresql-42.5.1.jar;C:\Users\nikhiluday\.m2\repository\org\checkerframework\checker-qual\3.5.0\checker-qual-3.5.0.jar;C:\Users\nikhiluday\.m2\repository\com\google\cloud\tools\jib-maven-plugin\3.4.5\jib-maven-plugin-3.4.5.jar;C:\Users\nikhiluday\.m2\repository\com\google\http-client\google-http-client\1.42.2\google-http-client-1.42.2.jar;C:\Users\nikhiluday\.m2\repository\org\apache\httpcomponents\httpclient\4.5.13\httpclient-4.5.13.jar;C:\Users\nikhiluday\.m2\repository\org\apache\httpcomponents\httpcore\4.4.15\httpcore-4.4.15.jar;C:\Users\nikhiluday\.m2\repository\com\google\code\findbugs\jsr305\3.0.2\jsr305-3.0.2.jar;C:\Users\nikhiluday\.m2\repository\com\google\j2objc\j2objc-annotations\1.3\j2objc-annotations-1.3.jar;C:\Users\nikhiluday\.m2\repository\io\opencensus\opencensus-api\0.31.1\opencensus-api-0.31.1.jar;C:\Users\nikhiluday\.m2\repository\io\grpc\grpc-context\1.27.2\grpc-context-1.27.2.jar;C:\Users\nikhiluday\.m2\repository\io\opencensus\opencensus-contrib-http-util\0.31.1\opencensus-contrib-http-util-0.31.1.jar;C:\Users\nikhiluday\.m2\repository\com\google\http-client\google-http-client-apache-v2\1.42.2\google-http-client-apache-v2-1.42.2.jar;C:\Users\nikhiluday\.m2\repository\com\google\auth\google-auth-library-oauth2-http\1.10.0\google-auth-library-oauth2-http-1.10.0.jar;C:\Users\nikhiluday\.m2\repository\com\google\auto\value\auto-value-annotations\1.9\auto-value-annotations-1.9.jar;C:\Users\nikhiluday\.m2\repository\com\google\auth\google-auth-library-credentials\1.10.0\google-auth-library-credentials-1.10.0.jar;C:\Users\nikhiluday\.m2\repository\com\google\http-client\google-http-client-gson\1.42.2\google-http-client-gson-1.42.2.jar;C:\Users\nikhiluday\.m2\repository\com\google\code\gson\gson\2.9.1\gson-2.9.1.jar;C:\Users\nikhiluday\.m2\repository\org\apache\commons\commons-compress\1.26.0\commons-compress-1.26.0.jar;C:\Users\nikhiluday\.m2\repository\com\google\guava\guava\32.1.2-jre\guava-32.1.2-jre.jar;C:\Users\nikhiluday\.m2\repository\com\google\guava\failureaccess\1.0.1\failureaccess-1.0.1.jar;C:\Users\nikhiluday\.m2\repository\com\google\guava\listenablefuture\9999.0-empty-to-avoid-conflict-with-guava\listenablefuture-9999.0-empty-to-avoid-conflict-with-guava.jar;C:\Users\nikhiluday\.m2\repository\com\google\errorprone\error_prone_annotations\2.18.0\error_prone_annotations-2.18.0.jar;C:\Users\nikhiluday\.m2\repository\com\fasterxml\jackson\core\jackson-databind\2.14.1\jackson-databind-2.14.1.jar;C:\Users\nikhiluday\.m2\repository\com\fasterxml\jackson\core\jackson-annotations\2.14.1\jackson-annotations-2.14.1.jar;C:\Users\nikhiluday\.m2\repository\com\fasterxml\jackson\core\jackson-core\2.14.1\jackson-core-2.14.1.jar;C:\Users\nikhiluday\.m2\repository\com\fasterxml\jackson\datatype\jackson-datatype-jsr310\2.14.1\jackson-datatype-jsr310-2.14.1.jar;C:\Users\nikhiluday\.m2\repository\org\ow2\asm\asm\9.5\asm-9.5.jar;C:\Users\nikhiluday\.m2\repository\com\google\cloud\tools\jib-build-plan\0.4.0\jib-build-plan-0.4.0.jar;C:\Users\nikhiluday\.m2\repository\com\google\cloud\tools\jib-plugins-extension-common\0.2.0\jib-plugins-extension-common-0.2.0.jar;C:\Users\nikhiluday\.m2\repository\com\google\cloud\tools\jib-maven-plugin-extension-api\0.4.0\jib-maven-plugin-extension-api-0.4.0.jar;C:\Users\nikhiluday\.m2\repository\org\apache\maven\maven-plugin-api\3.9.3\maven-plugin-api-3.9.3.jar;C:\Users\nikhiluday\.m2\repository\org\apache\maven\maven-model\3.9.3\maven-model-3.9.3.jar;C:\Users\nikhiluday\.m2\repository\org\apache\maven\maven-artifact\3.9.3\maven-artifact-3.9.3.jar;C:\Users\nikhiluday\.m2\repository\org\eclipse\sisu\org.eclipse.sisu.plexus\0.3.5\org.eclipse.sisu.plexus-0.3.5.jar;C:\Users\nikhiluday\.m2\repository\javax\annotation\javax.annotation-api\1.2\javax.annotation-api-1.2.jar;C:\Users\nikhiluday\.m2\repository\org\codehaus\plexus\plexus-utils\3.5.1\plexus-utils-3.5.1.jar;C:\Users\nikhiluday\.m2\repository\org\codehaus\plexus\plexus-classworlds\2.7.0\plexus-classworlds-2.7.0.jar;C:\Users\nikhiluday\.m2\repository\org\apache\maven\maven-core\3.9.3\maven-core-3.9.3.jar;C:\Users\nikhiluday\.m2\repository\org\apache\maven\maven-settings\3.9.3\maven-settings-3.9.3.jar;C:\Users\nikhiluday\.m2\repository\org\apache\maven\maven-settings-builder\3.9.3\maven-settings-builder-3.9.3.jar;C:\Users\nikhiluday\.m2\repository\org\codehaus\plexus\plexus-sec-dispatcher\2.0\plexus-sec-dispatcher-2.0.jar;C:\Users\nikhiluday\.m2\repository\org\codehaus\plexus\plexus-cipher\2.0\plexus-cipher-2.0.jar;C:\Users\nikhiluday\.m2\repository\org\apache\maven\maven-builder-support\3.9.3\maven-builder-support-3.9.3.jar;C:\Users\nikhiluday\.m2\repository\org\apache\maven\maven-repository-metadata\3.9.3\maven-repository-metadata-3.9.3.jar;C:\Users\nikhiluday\.m2\repository\org\apache\maven\maven-model-builder\3.9.3\maven-model-builder-3.9.3.jar;C:\Users\nikhiluday\.m2\repository\org\apache\maven\maven-resolver-provider\3.9.3\maven-resolver-provider-3.9.3.jar;C:\Users\nikhiluday\.m2\repository\org\apache\maven\resolver\maven-resolver-impl\1.9.13\maven-resolver-impl-1.9.13.jar;C:\Users\nikhiluday\.m2\repository\org\apache\maven\resolver\maven-resolver-named-locks\1.9.13\maven-resolver-named-locks-1.9.13.jar;C:\Users\nikhiluday\.m2\repository\org\apache\maven\resolver\maven-resolver-api\1.9.13\maven-resolver-api-1.9.13.jar;C:\Users\nikhiluday\.m2\repository\org\apache\maven\resolver\maven-resolver-spi\1.9.13\maven-resolver-spi-1.9.13.jar;C:\Users\nikhiluday\.m2\repository\org\apache\maven\resolver\maven-resolver-util\1.9.13\maven-resolver-util-1.9.13.jar;C:\Users\nikhiluday\.m2\repository\org\apache\maven\shared\maven-shared-utils\3.3.4\maven-shared-utils-3.3.4.jar;C:\Users\nikhiluday\.m2\repository\org\eclipse\sisu\org.eclipse.sisu.inject\0.3.5\org.eclipse.sisu.inject-0.3.5.jar;C:\Users\nikhiluday\.m2\repository\com\google\inject\guice\5.1.0\guice-5.1.0.jar;C:\Users\nikhiluday\.m2\repository\aopalliance\aopalliance\1.0\aopalliance-1.0.jar;C:\Users\nikhiluday\.m2\repository\javax\inject\javax.inject\1\javax.inject-1.jar;C:\Users\nikhiluday\.m2\repository\org\codehaus\plexus\plexus-interpolation\1.26\plexus-interpolation-1.26.jar;C:\Users\nikhiluday\.m2\repository\org\codehaus\plexus\plexus-component-annotations\2.1.0\plexus-component-annotations-2.1.0.jar;C:\Users\nikhiluday\.m2\repository\org\springframework\boot\spring-boot-starter-data-jpa\3.0.0\spring-boot-starter-data-jpa-3.0.0.jar;C:\Users\nikhiluday\.m2\repository\org\springframework\boot\spring-boot-starter-aop\3.0.0\spring-boot-starter-aop-3.0.0.jar;C:\Users\nikhiluday\.m2\repository\org\aspectj\aspectjweaver\1.9.9.1\aspectjweaver-1.9.9.1.jar;C:\Users\nikhiluday\.m2\repository\org\springframework\boot\spring-boot-starter-jdbc\3.0.0\spring-boot-starter-jdbc-3.0.0.jar;C:\Users\nikhiluday\.m2\repository\com\zaxxer\HikariCP\5.0.1\HikariCP-5.0.1.jar;C:\Users\nikhiluday\.m2\repository\org\springframework\spring-jdbc\6.0.2\spring-jdbc-6.0.2.jar;C:\Users\nikhiluday\.m2\repository\org\hibernate\orm\hibernate-core\6.1.5.Final\hibernate-core-6.1.5.Final.jar;C:\Users\nikhiluday\.m2\repository\jakarta\persistence\jakarta.persistence-api\3.1.0\jakarta.persistence-api-3.1.0.jar;C:\Users\nikhiluday\.m2\repository\jakarta\transaction\jakarta.transaction-api\2.0.1\jakarta.transaction-api-2.0.1.jar;C:\Users\nikhiluday\.m2\repository\org\jboss\logging\jboss-logging\3.5.0.Final\jboss-logging-3.5.0.Final.jar;C:\Users\nikhiluday\.m2\repository\org\hibernate\common\hibernate-commons-annotations\6.0.2.Final\hibernate-commons-annotations-6.0.2.Final.jar;C:\Users\nikhiluday\.m2\repository\org\jboss\jandex\2.4.2.Final\jandex-2.4.2.Final.jar;C:\Users\nikhiluday\.m2\repository\com\fasterxml\classmate\1.5.1\classmate-1.5.1.jar;C:\Users\nikhiluday\.m2\repository\org\glassfish\jaxb\jaxb-runtime\4.0.1\jaxb-runtime-4.0.1.jar;C:\Users\nikhiluday\.m2\repository\org\glassfish\jaxb\jaxb-core\4.0.1\jaxb-core-4.0.1.jar;C:\Users\nikhiluday\.m2\repository\org\eclipse\angus\angus-activation\1.0.0\angus-activation-1.0.0.jar;C:\Users\nikhiluday\.m2\repository\org\glassfish\jaxb\txw2\4.0.1\txw2-4.0.1.jar;C:\Users\nikhiluday\.m2\repository\com\sun\istack\istack-commons-runtime\4.1.1\istack-commons-runtime-4.1.1.jar;C:\Users\nikhiluday\.m2\repository\jakarta\inject\jakarta.inject-api\2.0.0\jakarta.inject-api-2.0.0.jar;C:\Users\nikhiluday\.m2\repository\org\antlr\antlr4-runtime\4.10.1\antlr4-runtime-4.10.1.jar;C:\Users\nikhiluday\.m2\repository\org\springframework\data\spring-data-jpa\3.0.0\spring-data-jpa-3.0.0.jar;C:\Users\nikhiluday\.m2\repository\org\springframework\data\spring-data-commons\3.0.0\spring-data-commons-3.0.0.jar;C:\Users\nikhiluday\.m2\repository\org\springframework\spring-orm\6.0.2\spring-orm-6.0.2.jar;C:\Users\nikhiluday\.m2\repository\org\springframework\spring-context\6.0.2\spring-context-6.0.2.jar;C:\Users\nikhiluday\.m2\repository\org\springframework\spring-tx\6.0.2\spring-tx-6.0.2.jar;C:\Users\nikhiluday\.m2\repository\org\springframework\spring-beans\6.0.2\spring-beans-6.0.2.jar;C:\Users\nikhiluday\.m2\repository\jakarta\annotation\jakarta.annotation-api\2.1.1\jakarta.annotation-api-2.1.1.jar;C:\Users\nikhiluday\.m2\repository\org\springframework\spring-aspects\6.0.2\spring-aspects-6.0.2.jar;C:\Users\nikhiluday\.m2\repository\org\springframework\boot\spring-boot-starter-web\3.0.0\spring-boot-starter-web-3.0.0.jar;C:\Users\nikhiluday\.m2\repository\org\springframework\boot\spring-boot-starter\3.0.0\spring-boot-starter-3.0.0.jar;C:\Users\nikhiluday\.m2\repository\org\springframework\boot\spring-boot\3.0.0\spring-boot-3.0.0.jar;C:\Users\nikhiluday\.m2\repository\org\springframework\boot\spring-boot-autoconfigure\3.0.0\spring-boot-autoconfigure-3.0.0.jar;C:\Users\nikhiluday\.m2\repository\org\springframework\boot\spring-boot-starter-logging\3.0.0\spring-boot-starter-logging-3.0.0.jar;C:\Users\nikhiluday\.m2\repository\ch\qos\logback\logback-classic\1.4.5\logback-classic-1.4.5.jar;C:\Users\nikhiluday\.m2\repository\ch\qos\logback\logback-core\1.4.5\logback-core-1.4.5.jar;C:\Users\nikhiluday\.m2\repository\org\apache\logging\log4j\log4j-to-slf4j\2.19.0\log4j-to-slf4j-2.19.0.jar;C:\Users\nikhiluday\.m2\repository\org\apache\logging\log4j\log4j-api\2.19.0\log4j-api-2.19.0.jar;C:\Users\nikhiluday\.m2\repository\org\slf4j\jul-to-slf4j\2.0.4\jul-to-slf4j-2.0.4.jar;C:\Users\nikhiluday\.m2\repository\org\yaml\snakeyaml\1.33\snakeyaml-1.33.jar;C:\Users\nikhiluday\.m2\repository\org\springframework\boot\spring-boot-starter-json\3.0.0\spring-boot-starter-json-3.0.0.jar;C:\Users\nikhiluday\.m2\repository\com\fasterxml\jackson\datatype\jackson-datatype-jdk8\2.14.1\jackson-datatype-jdk8-2.14.1.jar;C:\Users\nikhiluday\.m2\repository\com\fasterxml\jackson\module\jackson-module-parameter-names\2.14.1\jackson-module-parameter-names-2.14.1.jar;C:\Users\nikhiluday\.m2\repository\org\springframework\boot\spring-boot-starter-tomcat\3.0.0\spring-boot-starter-tomcat-3.0.0.jar;C:\Users\nikhiluday\.m2\repository\org\apache\tomcat\embed\tomcat-embed-core\10.1.1\tomcat-embed-core-10.1.1.jar;C:\Users\nikhiluday\.m2\repository\org\apache\tomcat\embed\tomcat-embed-el\10.1.1\tomcat-embed-el-10.1.1.jar;C:\Users\nikhiluday\.m2\repository\org\apache\tomcat\embed\tomcat-embed-websocket\10.1.1\tomcat-embed-websocket-10.1.1.jar;C:\Users\nikhiluday\.m2\repository\org\springframework\spring-web\6.0.2\spring-web-6.0.2.jar;C:\Users\nikhiluday\.m2\repository\org\springframework\spring-webmvc\6.0.2\spring-webmvc-6.0.2.jar;C:\Users\nikhiluday\.m2\repository\org\springframework\spring-expression\6.0.2\spring-expression-6.0.2.jar;C:\Users\nikhiluday\.m2\repository\org\springframework\boot\spring-boot-starter-data-jdbc\3.0.0\spring-boot-starter-data-jdbc-3.0.0.jar;C:\Users\nikhiluday\.m2\repository\org\springframework\data\spring-data-jdbc\3.0.0\spring-data-jdbc-3.0.0.jar;C:\Users\nikhiluday\.m2\repository\org\springframework\data\spring-data-relational\3.0.0\spring-data-relational-3.0.0.jar;C:\Users\nikhiluday\.m2\repository\org\flywaydb\flyway-core\9.5.1\flyway-core-9.5.1.jar;C:\Users\nikhiluday\.m2\repository\com\electronwill\night-config\toml\3.6.6\toml-3.6.6.jar;C:\Users\nikhiluday\.m2\repository\com\electronwill\night-config\core\3.6.6\core-3.6.6.jar;C:\Users\nikhiluday\.m2\repository\com\github\javafaker\javafaker\1.0.2\javafaker-1.0.2.jar;C:\Users\nikhiluday\.m2\repository\org\apache\commons\commons-lang3\3.12.0\commons-lang3-3.12.0.jar;C:\Users\nikhiluday\.m2\repository\org\yaml\snakeyaml\1.23\snakeyaml-1.23-android.jar;C:\Users\nikhiluday\.m2\repository\com\github\mifmif\generex\1.0.2\generex-1.0.2.jar;C:\Users\nikhiluday\.m2\repository\dk\brics\automaton\automaton\1.11-8\automaton-1.11-8.jar;C:\Users\nikhiluday\.m2\repository\org\springframework\boot\spring-boot-starter-test\3.0.0\spring-boot-starter-test-3.0.0.jar;C:\Users\nikhiluday\.m2\repository\org\springframework\boot\spring-boot-test\3.0.0\spring-boot-test-3.0.0.jar;C:\Users\nikhiluday\.m2\repository\org\springframework\boot\spring-boot-test-autoconfigure\3.0.0\spring-boot-test-autoconfigure-3.0.0.jar;C:\Users\nikhiluday\.m2\repository\com\jayway\jsonpath\json-path\2.7.0\json-path-2.7.0.jar;C:\Users\nikhiluday\.m2\repository\net\minidev\json-smart\2.4.8\json-smart-2.4.8.jar;C:\Users\nikhiluday\.m2\repository\net\minidev\accessors-smart\2.4.8\accessors-smart-2.4.8.jar;C:\Users\nikhiluday\.m2\repository\jakarta\xml\bind\jakarta.xml.bind-api\4.0.0\jakarta.xml.bind-api-4.0.0.jar;C:\Users\nikhiluday\.m2\repository\jakarta\activation\jakarta.activation-api\2.1.0\jakarta.activation-api-2.1.0.jar;C:\Users\nikhiluday\.m2\repository\org\assertj\assertj-core\3.23.1\assertj-core-3.23.1.jar;C:\Users\nikhiluday\.m2\repository\org\hamcrest\hamcrest\2.2\hamcrest-2.2.jar;C:\Users\nikhiluday\.m2\repository\org\junit\jupiter\junit-jupiter\5.9.1\junit-jupiter-5.9.1.jar;C:\Users\nikhiluday\.m2\repository\org\junit\jupiter\junit-jupiter-params\5.9.1\junit-jupiter-params-5.9.1.jar;C:\Users\nikhiluday\.m2\repository\org\junit\jupiter\junit-jupiter-engine\5.9.1\junit-jupiter-engine-5.9.1.jar;C:\Users\nikhiluday\.m2\repository\org\junit\platform\junit-platform-engine\1.9.1\junit-platform-engine-1.9.1.jar;C:\Users\nikhiluday\.m2\repository\org\mockito\mockito-junit-jupiter\4.8.1\mockito-junit-jupiter-4.8.1.jar;C:\Users\nikhiluday\.m2\repository\org\skyscreamer\jsonassert\1.5.1\jsonassert-1.5.1.jar;C:\Users\nikhiluday\.m2\repository\com\vaadin\external\google\android-json\0.0.20131108.vaadin1\android-json-0.0.20131108.vaadin1.jar;C:\Users\nikhiluday\.m2\repository\org\springframework\spring-core\6.0.2\spring-core-6.0.2.jar;C:\Users\nikhiluday\.m2\repository\org\springframework\spring-jcl\6.0.2\spring-jcl-6.0.2.jar;C:\Users\nikhiluday\.m2\repository\org\springframework\spring-test\6.0.2\spring-test-6.0.2.jar;C:\Users\nikhiluday\.m2\repository\org\xmlunit\xmlunit-core\2.9.0\xmlunit-core-2.9.0.jar;C:\Users\nikhiluday\.m2\repository\org\testcontainers\junit-jupiter\1.17.6\junit-jupiter-1.17.6.jar;C:\Users\nikhiluday\.m2\repository\org\junit\jupiter\junit-jupiter-api\5.9.1\junit-jupiter-api-5.9.1.jar;C:\Users\nikhiluday\.m2\repository\org\opentest4j\opentest4j\1.2.0\opentest4j-1.2.0.jar;C:\Users\nikhiluday\.m2\repository\org\junit\platform\junit-platform-commons\1.9.1\junit-platform-commons-1.9.1.jar;C:\Users\nikhiluday\.m2\repository\org\apiguardian\apiguardian-api\1.1.2\apiguardian-api-1.1.2.jar;C:\Users\nikhiluday\.m2\repository\org\testcontainers\testcontainers\1.17.6\testcontainers-1.17.6.jar;C:\Users\nikhiluday\.m2\repository\junit\junit\4.13.2\junit-4.13.2.jar;C:\Users\nikhiluday\.m2\repository\org\hamcrest\hamcrest-core\2.2\hamcrest-core-2.2.jar;C:\Users\nikhiluday\.m2\repository\org\slf4j\slf4j-api\2.0.4\slf4j-api-2.0.4.jar;C:\Users\nikhiluday\.m2\repository\org\rnorth\duct-tape\duct-tape\1.0.8\duct-tape-1.0.8.jar;C:\Users\nikhiluday\.m2\repository\org\jetbrains\annotations\17.0.0\annotations-17.0.0.jar;C:\Users\nikhiluday\.m2\repository\com\github\docker-java\docker-java-api\3.2.13\docker-java-api-3.2.13.jar;C:\Users\nikhiluday\.m2\repository\com\github\docker-java\docker-java-transport-zerodep\3.2.13\docker-java-transport-zerodep-3.2.13.jar;C:\Users\nikhiluday\.m2\repository\com\github\docker-java\docker-java-transport\3.2.13\docker-java-transport-3.2.13.jar;C:\Users\nikhiluday\.m2\repository\net\java\dev\jna\jna\5.8.0\jna-5.8.0.jar;C:\Users\nikhiluday\.m2\repository\org\testcontainers\postgresql\1.17.6\postgresql-1.17.6.jar;C:\Users\nikhiluday\.m2\repository\org\testcontainers\jdbc\1.17.6\jdbc-1.17.6.jar;C:\Users\nikhiluday\.m2\repository\org\testcontainers\database-commons\1.17.6\database-commons-1.17.6.jar;C:\Users\nikhiluday\.m2\repository\org\springframework\boot\spring-boot-starter-webflux\3.0.0\spring-boot-starter-webflux-3.0.0.jar;C:\Users\nikhiluday\.m2\repository\org\springframework\boot\spring-boot-starter-reactor-netty\3.0.0\spring-boot-starter-reactor-netty-3.0.0.jar;C:\Users\nikhiluday\.m2\repository\io\projectreactor\netty\reactor-netty-http\1.1.0\reactor-netty-http-1.1.0.jar;C:\Users\nikhiluday\.m2\repository\io\netty\netty-resolver-dns\4.1.85.Final\netty-resolver-dns-4.1.85.Final.jar;C:\Users\nikhiluday\.m2\repository\io\netty\netty-codec-dns\4.1.85.Final\netty-codec-dns-4.1.85.Final.jar;C:\Users\nikhiluday\.m2\repository\io\netty\netty-resolver-dns-native-macos\4.1.85.Final\netty-resolver-dns-native-macos-4.1.85.Final-osx-x86_64.jar;C:\Users\nikhiluday\.m2\repository\io\netty\netty-resolver-dns-classes-macos\4.1.85.Final\netty-resolver-dns-classes-macos-4.1.85.Final.jar;C:\Users\nikhiluday\.m2\repository\io\netty\netty-transport-native-epoll\4.1.85.Final\netty-transport-native-epoll-4.1.85.Final-linux-x86_64.jar;C:\Users\nikhiluday\.m2\repository\io\projectreactor\netty\reactor-netty-core\1.1.0\reactor-netty-core-1.1.0.jar;C:\Users\nikhiluday\.m2\repository\io\netty\netty-handler-proxy\4.1.85.Final\netty-handler-proxy-4.1.85.Final.jar;C:\Users\nikhiluday\.m2\repository\io\netty\netty-codec-socks\4.1.85.Final\netty-codec-socks-4.1.85.Final.jar;C:\Users\nikhiluday\.m2\repository\org\springframework\spring-webflux\6.0.2\spring-webflux-6.0.2.jar;C:\Users\nikhiluday\.m2\repository\io\projectreactor\reactor-core\3.5.0\reactor-core-3.5.0.jar;C:\Users\nikhiluday\.m2\repository\org\springframework\boot\spring-boot-starter-security\3.0.0\spring-boot-starter-security-3.0.0.jar;C:\Users\nikhiluday\.m2\repository\org\springframework\spring-aop\6.0.2\spring-aop-6.0.2.jar;C:\Users\nikhiluday\.m2\repository\org\springframework\security\spring-security-config\6.0.0\spring-security-config-6.0.0.jar;C:\Users\nikhiluday\.m2\repository\org\springframework\security\spring-security-web\6.0.0\spring-security-web-6.0.0.jar;C:\Users\nikhiluday\.m2\repository\org\springframework\security\spring-security-test\6.0.0\spring-security-test-6.0.0.jar;C:\Users\nikhiluday\.m2\repository\org\springframework\security\spring-security-core\6.0.0\spring-security-core-6.0.0.jar;C:\Users\nikhiluday\.m2\repository\org\springframework\security\spring-security-crypto\6.0.0\spring-security-crypto-6.0.0.jar;C:\Users\nikhiluday\.m2\repository\org\springframework\boot\spring-boot-starter-actuator\3.0.0\spring-boot-starter-actuator-3.0.0.jar;C:\Users\nikhiluday\.m2\repository\org\springframework\boot\spring-boot-actuator-autoconfigure\3.0.0\spring-boot-actuator-autoconfigure-3.0.0.jar;C:\Users\nikhiluday\.m2\repository\org\springframework\boot\spring-boot-actuator\3.0.0\spring-boot-actuator-3.0.0.jar;C:\Users\nikhiluday\.m2\repository\io\micrometer\micrometer-observation\1.10.2\micrometer-observation-1.10.2.jar;C:\Users\nikhiluday\.m2\repository\io\micrometer\micrometer-commons\1.10.2\micrometer-commons-1.10.2.jar;C:\Users\nikhiluday\.m2\repository\io\micrometer\micrometer-core\1.10.2\micrometer-core-1.10.2.jar;C:\Users\nikhiluday\.m2\repository\org\hdrhistogram\HdrHistogram\2.1.12\HdrHistogram-2.1.12.jar;C:\Users\nikhiluday\.m2\repository\org\latencyutils\LatencyUtils\2.0.3\LatencyUtils-2.0.3.jar;C:\Users\nikhiluday\.m2\repository\io\jsonwebtoken\jjwt-api\0.11.5\jjwt-api-0.11.5.jar;C:\Users\nikhiluday\.m2\repository\io\jsonwebtoken\jjwt-impl\0.11.5\jjwt-impl-0.11.5.jar;C:\Users\nikhiluday\.m2\repository\io\jsonwebtoken\jjwt-jackson\0.11.5\jjwt-jackson-0.11.5.jar;C:\Users\nikhiluday\.m2\repository\software\amazon\awssdk\s3\2.20.26\s3-2.20.26.jar;C:\Users\nikhiluday\.m2\repository\software\amazon\awssdk\aws-xml-protocol\2.20.26\aws-xml-protocol-2.20.26.jar;C:\Users\nikhiluday\.m2\repository\software\amazon\awssdk\aws-query-protocol\2.20.26\aws-query-protocol-2.20.26.jar;C:\Users\nikhiluday\.m2\repository\software\amazon\awssdk\protocol-core\2.20.26\protocol-core-2.20.26.jar;C:\Users\nikhiluday\.m2\repository\software\amazon\awssdk\arns\2.20.26\arns-2.20.26.jar;C:\Users\nikhiluday\.m2\repository\software\amazon\awssdk\profiles\2.20.26\profiles-2.20.26.jar;C:\Users\nikhiluday\.m2\repository\software\amazon\awssdk\sdk-core\2.20.26\sdk-core-2.20.26.jar;C:\Users\nikhiluday\.m2\repository\org\reactivestreams\reactive-streams\1.0.4\reactive-streams-1.0.4.jar;C:\Users\nikhiluday\.m2\repository\software\amazon\awssdk\auth\2.20.26\auth-2.20.26.jar;C:\Users\nikhiluday\.m2\repository\software\amazon\eventstream\eventstream\1.0.1\eventstream-1.0.1.jar;C:\Users\nikhiluday\.m2\repository\software\amazon\awssdk\http-client-spi\2.20.26\http-client-spi-2.20.26.jar;C:\Users\nikhiluday\.m2\repository\software\amazon\awssdk\regions\2.20.26\regions-2.20.26.jar;C:\Users\nikhiluday\.m2\repository\software\amazon\awssdk\annotations\2.20.26\annotations-2.20.26.jar;C:\Users\nikhiluday\.m2\repository\software\amazon\awssdk\utils\2.20.26\utils-2.20.26.jar;C:\Users\nikhiluday\.m2\repository\software\amazon\awssdk\aws-core\2.20.26\aws-core-2.20.26.jar;C:\Users\nikhiluday\.m2\repository\software\amazon\awssdk\metrics-spi\2.20.26\metrics-spi-2.20.26.jar;C:\Users\nikhiluday\.m2\repository\software\amazon\awssdk\json-utils\2.20.26\json-utils-2.20.26.jar;C:\Users\nikhiluday\.m2\repository\software\amazon\awssdk\third-party-jackson-core\2.20.26\third-party-jackson-core-2.20.26.jar;C:\Users\nikhiluday\.m2\repository\software\amazon\awssdk\endpoints-spi\2.20.26\endpoints-spi-2.20.26.jar;C:\Users\nikhiluday\.m2\repository\software\amazon\awssdk\apache-client\2.20.26\apache-client-2.20.26.jar;C:\Users\nikhiluday\.m2\repository\commons-codec\commons-codec\1.15\commons-codec-1.15.jar;C:\Users\nikhiluday\.m2\repository\software\amazon\awssdk\netty-nio-client\2.20.26\netty-nio-client-2.20.26.jar;C:\Users\nikhiluday\.m2\repository\io\netty\netty-codec-http\4.1.85.Final\netty-codec-http-4.1.85.Final.jar;C:\Users\nikhiluday\.m2\repository\io\netty\netty-codec-http2\4.1.85.Final\netty-codec-http2-4.1.85.Final.jar;C:\Users\nikhiluday\.m2\repository\io\netty\netty-codec\4.1.85.Final\netty-codec-4.1.85.Final.jar;C:\Users\nikhiluday\.m2\repository\io\netty\netty-transport\4.1.85.Final\netty-transport-4.1.85.Final.jar;C:\Users\nikhiluday\.m2\repository\io\netty\netty-resolver\4.1.85.Final\netty-resolver-4.1.85.Final.jar;C:\Users\nikhiluday\.m2\repository\io\netty\netty-common\4.1.85.Final\netty-common-4.1.85.Final.jar;C:\Users\nikhiluday\.m2\repository\io\netty\netty-buffer\4.1.85.Final\netty-buffer-4.1.85.Final.jar;C:\Users\nikhiluday\.m2\repository\io\netty\netty-handler\4.1.85.Final\netty-handler-4.1.85.Final.jar;C:\Users\nikhiluday\.m2\repository\io\netty\netty-transport-native-unix-common\4.1.85.Final\netty-transport-native-unix-common-4.1.85.Final.jar;C:\Users\nikhiluday\.m2\repository\io\netty\netty-transport-classes-epoll\4.1.85.Final\netty-transport-classes-epoll-4.1.85.Final.jar;C:\Users\nikhiluday\.m2\repository\org\mockito\mockito-core\4.8.1\mockito-core-4.8.1.jar;C:\Users\nikhiluday\.m2\repository\net\bytebuddy\byte-buddy\1.12.19\byte-buddy-1.12.19.jar;C:\Users\nikhiluday\.m2\repository\net\bytebuddy\byte-buddy-agent\1.12.19\byte-buddy-agent-1.12.19.jar;C:\Users\nikhiluday\.m2\repository\org\objenesis\objenesis\3.2\objenesis-3.2.jar;C:\Users\nikhiluday\.m2\repository\commons-io\commons-io\2.11.0\commons-io-2.11.0.jar;C:\Users\nikhiluday\.m2\repository\com\amazonaws\secretsmanager\aws-secretsmanager-jdbc\1.0.8\aws-secretsmanager-jdbc-1.0.8.jar;C:\Users\nikhiluday\.m2\repository\com\amazonaws\secretsmanager\aws-secretsmanager-caching-java\1.0.2\aws-secretsmanager-caching-java-1.0.2.jar;C:\Users\nikhiluday\.m2\repository\com\amazonaws\aws-java-sdk-secretsmanager\1.12.148\aws-java-sdk-secretsmanager-1.12.148.jar;C:\Users\nikhiluday\.m2\repository\com\amazonaws\aws-java-sdk-core\1.12.148\aws-java-sdk-core-1.12.148.jar;C:\Users\nikhiluday\.m2\repository\commons-logging\commons-logging\1.1.3\commons-logging-1.1.3.jar;C:\Users\nikhiluday\.m2\repository\software\amazon\ion\ion-java\1.0.2\ion-java-1.0.2.jar;C:\Users\nikhiluday\.m2\repository\com\fasterxml\jackson\dataformat\jackson-dataformat-cbor\2.14.1\jackson-dataformat-cbor-2.14.1.jar;C:\Users\nikhiluday\.m2\repository\joda-time\joda-time\2.8.1\joda-time-2.8.1.jar;C:\Users\nikhiluday\.m2\repository\com\amazonaws\jmespath-java\1.12.148\jmespath-java-1.12.148.jar;"/>
    <property name="sun.cpu.endian" value="little"/>
    <property name="user.home" value="C:\Users\nikhiluday"/>
    <property name="user.language" value="en"/>
    <property name="java.specification.vendor" value="Oracle Corporation"/>
    <property name="java.version.date" value="2025-01-21"/>
    <property name="java.home" value="C:\Program Files\Java\jdk-21"/>
    <property name="file.separator" value="\"/>
    <property name="basedir" value="C:\Users\nikhiluday\Downloads\full-stack-professional-main\admin-panel-dashboard\backend"/>
    <property name="java.vm.compressedOopsMode" value="Zero based"/>
    <property name="line.separator" value="&#10;"/>
    <property name="java.vm.specification.vendor" value="Oracle Corporation"/>
    <property name="java.specification.name" value="Java Platform API Specification"/>
    <property name="surefire.real.class.path" value="C:\Users\NIKHIL~1\AppData\Local\Temp\surefire16717071431630344467\surefirebooter8660130913971485931.jar"/>
    <property name="user.script" value=""/>
    <property name="sun.management.compiler" value="HotSpot 64-Bit Tiered Compilers"/>
    <property name="java.runtime.version" value="21.0.6+8-LTS-188"/>
    <property name="user.name" value="nikhiluday"/>
    <property name="stdout.encoding" value="Cp1252"/>
    <property name="path.separator" value=";"/>
    <property name="os.version" value="10.0"/>
    <property name="java.runtime.name" value="Java(TM) SE Runtime Environment"/>
    <property name="file.encoding" value="UTF-8"/>
    <property name="java.vm.name" value="Java HotSpot(TM) 64-Bit Server VM"/>
    <property name="localRepository" value="C:\Users\nikhiluday\.m2\repository"/>
    <property name="java.vendor.url.bug" value="https://bugreport.java.com/bugreport/"/>
    <property name="java.io.tmpdir" value="C:\Users\NIKHIL~1\AppData\Local\Temp\"/>
    <property name="java.version" value="21.0.6"/>
    <property name="user.dir" value="C:\Users\nikhiluday\Downloads\full-stack-professional-main\admin-panel-dashboard\backend"/>
    <property name="os.arch" value="amd64"/>
    <property name="java.vm.specification.name" value="Java Virtual Machine Specification"/>
    <property name="sun.os.patch.level" value=""/>
    <property name="native.encoding" value="Cp1252"/>
    <property name="java.library.path" value="C:\Program Files\Java\jdk-21\bin;C:\Windows\Sun\Java\bin;C:\Windows\system32;C:\Windows;C:\Program Files\Common Files\Oracle\Java\javapath;C:\Program Files (x86)\Common Files\Intel\Shared Libraries\redist\intel64\compiler;C:\Windows\system32;C:\Windows;C:\Windows\System32\Wbem;C:\Windows\System32\WindowsPowerShell\v1.0\;C:\Windows\System32\OpenSSH\;C:\Program Files\dotnet\;C:\scrcpy;C:\Program Files (x86)\gs\gs10.03.1\bin;C:\Program Files\PuTTY\;C:\Program Files\Git\cmd;C:\Program Files\nodejs\;C:\GRADLE\bin;C:\apache-jmeter\apache-jmeter-5.6.3\bin;C:\Program Files\Cloudflare\Cloudflare WARP\;C:\Program Files\Docker\Docker\resources\bin;C:\opt\apache-maven-3.9.6\bin;C:\Program Files\MySQL\MySQL Shell 8.0\bin\;C:\Users\nikhiluday\AppData\Local\spicetify;C:\Users\nikhiluday\AppData\Local\Programs\MiKTeX\miktex\bin\x64\;C:\Users\nikhiluday\AppData\Roaming\npm;C:\Users\nikhiluday\AppData\Local\Programs\Microsoft VS Code\bin;C:\Program Files\JetBrains\IntelliJ IDEA 2024.2.2\bin;C:\Users\nikhiluday\AppData\Local\Muse Hub\lib;."/>
    <property name="java.vm.info" value="mixed mode, sharing"/>
    <property name="stderr.encoding" value="Cp1252"/>
    <property name="java.vendor" value="Oracle Corporation"/>
    <property name="java.vm.version" value="21.0.6+8-LTS-188"/>
    <property name="sun.io.unicode.encoding" value="UnicodeLittle"/>
    <property name="java.class.version" value="65.0"/>
  </properties>
  <testcase name="selectAllCustomers" classname="com.udaynikhil.customer.CustomerJDBCDataAccessServiceTest" time="0.677"/>
  <testcase name="willUpdateAllPropertiesCustomer" classname="com.udaynikhil.customer.CustomerJDBCDataAccessServiceTest" time="0.129"/>
  <testcase name="deleteCustomerById" classname="com.udaynikhil.customer.CustomerJDBCDataAccessServiceTest" time="0.102"/>
  <testcase name="existsPersonWithIdWillReturnFalseWhenIdNotPresent" classname="com.udaynikhil.customer.CustomerJDBCDataAccessServiceTest" time="0.219"/>
  <testcase name="updateCustomerName" classname="com.udaynikhil.customer.CustomerJDBCDataAccessServiceTest" time="0.152"/>
  <testcase name="canUpdateProfileImageId" classname="com.udaynikhil.customer.CustomerJDBCDataAccessServiceTest" time="0.097"/>
  <testcase name="existsPersonWithEmail" classname="com.udaynikhil.customer.CustomerJDBCDataAccessServiceTest" time="0.119"/>
  <testcase name="willNotUpdateWhenNothingToUpdate" classname="com.udaynikhil.customer.CustomerJDBCDataAccessServiceTest" time="2.15"/>
  <testcase name="updateCustomerAge" classname="com.udaynikhil.customer.CustomerJDBCDataAccessServiceTest" time="0.526"/>
  <testcase name="existsPersonWithEmailReturnsFalseWhenDoesNotExists" classname="com.udaynikhil.customer.CustomerJDBCDataAccessServiceTest" time="0.227"/>
  <testcase name="selectCustomerById" classname="com.udaynikhil.customer.CustomerJDBCDataAccessServiceTest" time="0.169"/>
  <testcase name="willReturnEmptyWhenSelectCustomerById" classname="com.udaynikhil.customer.CustomerJDBCDataAccessServiceTest" time="0.105"/>
  <testcase name="existsCustomerWithId" classname="com.udaynikhil.customer.CustomerJDBCDataAccessServiceTest" time="0.085"/>
  <testcase name="updateCustomerEmail" classname="com.udaynikhil.customer.CustomerJDBCDataAccessServiceTest" time="0.091"/>
</testsuite>